<?xml version="1.0" encoding="UTF-8"?>
<!-- Generated by org.testng.reporters.JUnitReportReporter -->
<testsuite hostname="DESKTOP2018" failures="0" tests="1" name="newpack.NewTest" time="0.004" errors="0" timestamp="2022-04-16T22:33:59 EDT" skipped="0">
  <testcase classname="newpack.NewTest" name="TestName" time="0.004"/>
  <system-out/>
</testsuite> <!-- newpack.NewTest -->
